<?xml version="1.0" encoding="UTF-8" ?>
<testsuite failures="0" time="0.666" errors="0" skipped="0" tests="4" name="TestSuite">
  <properties>
[...]
</properties>
  <testcase time="0.025" classname="com.gardin.piazza.domain.UserTests" name="testGetAndSetCountry"/>
  <testcase time="0" classname="com.gardin.piazza.domain.UserTests" name="testGetAndSetEmail"/>
  <testcase time="0" classname="com.gardin.piazza.domain.UserTests" name="testGetAndSetFirstName"/>
  <testcase time="0" classname="com.gardin.piazza.domain.UserTests" name="testGetAndSetID"/>
</testsuite>